{"/home/caioarruda/Documents/desafios-backend/src/routes.js": {"path":"/home/caioarruda/Documents/desafios-backend/src/routes.js","statementMap":{"0":{"start":{"line":1,"column":16},"end":{"line":1,"column":34}},"1":{"start":{"line":2,"column":25},"end":{"line":2,"column":66}},"2":{"start":{"line":3,"column":15},"end":{"line":3,"column":31}},"3":{"start":{"line":5,"column":0},"end":{"line":5,"column":46}},"4":{"start":{"line":6,"column":0},"end":{"line":6,"column":47}},"5":{"start":{"line":7,"column":0},"end":{"line":7,"column":53}},"6":{"start":{"line":8,"column":0},"end":{"line":8,"column":54}},"7":{"start":{"line":12,"column":0},"end":{"line":12,"column":23}}},"fnMap":{},"branchMap":{},"s":{"0":1,"1":1,"2":1,"3":1,"4":1,"5":1,"6":1,"7":1},"f":{},"b":{},"_coverageSchema":"1a1c01bbd47fc00a2c39e90264f33305004495a9","hash":"c8563d249d573a59a5911b9d9796295fe0b1ffbc"}
,"/home/caioarruda/Documents/desafios-backend/src/server.js": {"path":"/home/caioarruda/Documents/desafios-backend/src/server.js","statementMap":{"0":{"start":{"line":1,"column":16},"end":{"line":1,"column":34}},"1":{"start":{"line":2,"column":15},"end":{"line":2,"column":34}},"2":{"start":{"line":4,"column":0},"end":{"line":4,"column":21}},"3":{"start":{"line":6,"column":13},"end":{"line":6,"column":37}},"4":{"start":{"line":7,"column":12},"end":{"line":7,"column":21}},"5":{"start":{"line":11,"column":0},"end":{"line":11,"column":23}},"6":{"start":{"line":12,"column":0},"end":{"line":12,"column":15}},"7":{"start":{"line":14,"column":0},"end":{"line":14,"column":16}},"8":{"start":{"line":16,"column":0},"end":{"line":16,"column":20}}},"fnMap":{},"branchMap":{"0":{"loc":{"start":{"line":6,"column":13},"end":{"line":6,"column":37}},"type":"binary-expr","locations":[{"start":{"line":6,"column":13},"end":{"line":6,"column":29}},{"start":{"line":6,"column":33},"end":{"line":6,"column":37}}],"line":6}},"s":{"0":1,"1":1,"2":1,"3":1,"4":1,"5":1,"6":1,"7":1,"8":1},"f":{},"b":{"0":[1,1]},"_coverageSchema":"1a1c01bbd47fc00a2c39e90264f33305004495a9","hash":"3c7ea33111ca9a798ac9b75e04f4788ae47cbbda"}
,"/home/caioarruda/Documents/desafios-backend/src/config/database.js": {"path":"/home/caioarruda/Documents/desafios-backend/src/config/database.js","statementMap":{"0":{"start":{"line":2,"column":0},"end":{"line":14,"column":1}}},"fnMap":{},"branchMap":{},"s":{"0":1},"f":{},"b":{},"_coverageSchema":"1a1c01bbd47fc00a2c39e90264f33305004495a9","hash":"01a1972b7581a676a7a0972af8bd4665f344ffbb"}
,"/home/caioarruda/Documents/desafios-backend/src/controllers/RecipeController.js": {"path":"/home/caioarruda/Documents/desafios-backend/src/controllers/RecipeController.js","statementMap":{"0":{"start":{"line":1,"column":22},"end":{"line":1,"column":58}},"1":{"start":{"line":4,"column":0},"end":{"line":86,"column":2}},"2":{"start":{"line":6,"column":8},"end":{"line":13,"column":9}},"3":{"start":{"line":7,"column":28},"end":{"line":7,"column":55}},"4":{"start":{"line":9,"column":12},"end":{"line":9,"column":48}},"5":{"start":{"line":11,"column":12},"end":{"line":11,"column":73}},"6":{"start":{"line":17,"column":8},"end":{"line":38,"column":9}},"7":{"start":{"line":18,"column":27},"end":{"line":18,"column":37}},"8":{"start":{"line":19,"column":47},"end":{"line":19,"column":55}},"9":{"start":{"line":21,"column":12},"end":{"line":22,"column":75}},"10":{"start":{"line":22,"column":16},"end":{"line":22,"column":75}},"11":{"start":{"line":23,"column":12},"end":{"line":24,"column":77}},"12":{"start":{"line":24,"column":16},"end":{"line":24,"column":77}},"13":{"start":{"line":25,"column":12},"end":{"line":26,"column":84}},"14":{"start":{"line":26,"column":16},"end":{"line":26,"column":84}},"15":{"start":{"line":27,"column":12},"end":{"line":28,"column":77}},"16":{"start":{"line":28,"column":16},"end":{"line":28,"column":77}},"17":{"start":{"line":30,"column":34},"end":{"line":30,"column":89}},"18":{"start":{"line":32,"column":12},"end":{"line":32,"column":83}},"19":{"start":{"line":32,"column":31},"end":{"line":32,"column":83}},"20":{"start":{"line":34,"column":12},"end":{"line":34,"column":71}},"21":{"start":{"line":36,"column":12},"end":{"line":36,"column":73}},"22":{"start":{"line":43,"column":8},"end":{"line":65,"column":9}},"23":{"start":{"line":44,"column":77},"end":{"line":44,"column":85}},"24":{"start":{"line":47,"column":12},"end":{"line":48,"column":77}},"25":{"start":{"line":48,"column":16},"end":{"line":48,"column":77}},"26":{"start":{"line":49,"column":12},"end":{"line":50,"column":84}},"27":{"start":{"line":50,"column":16},"end":{"line":50,"column":84}},"28":{"start":{"line":51,"column":12},"end":{"line":52,"column":77}},"29":{"start":{"line":52,"column":16},"end":{"line":52,"column":77}},"30":{"start":{"line":53,"column":12},"end":{"line":54,"column":80}},"31":{"start":{"line":54,"column":16},"end":{"line":54,"column":80}},"32":{"start":{"line":55,"column":12},"end":{"line":56,"column":84}},"33":{"start":{"line":56,"column":16},"end":{"line":56,"column":84}},"34":{"start":{"line":59,"column":27},"end":{"line":59,"column":106}},"35":{"start":{"line":62,"column":12},"end":{"line":62,"column":47}},"36":{"start":{"line":64,"column":12},"end":{"line":64,"column":73}},"37":{"start":{"line":69,"column":8},"end":{"line":81,"column":9}},"38":{"start":{"line":70,"column":27},"end":{"line":70,"column":37}},"39":{"start":{"line":72,"column":12},"end":{"line":73,"column":75}},"40":{"start":{"line":73,"column":16},"end":{"line":73,"column":75}},"41":{"start":{"line":75,"column":12},"end":{"line":75,"column":42}},"42":{"start":{"line":77,"column":12},"end":{"line":77,"column":61}},"43":{"start":{"line":80,"column":12},"end":{"line":80,"column":73}}},"fnMap":{"0":{"name":"(anonymous_0)","decl":{"start":{"line":5,"column":4},"end":{"line":5,"column":5}},"loc":{"start":{"line":5,"column":24},"end":{"line":14,"column":5}},"line":5},"1":{"name":"(anonymous_1)","decl":{"start":{"line":16,"column":4},"end":{"line":16,"column":5}},"loc":{"start":{"line":16,"column":27},"end":{"line":40,"column":5}},"line":16},"2":{"name":"(anonymous_2)","decl":{"start":{"line":42,"column":4},"end":{"line":42,"column":5}},"loc":{"start":{"line":42,"column":26},"end":{"line":66,"column":5}},"line":42},"3":{"name":"(anonymous_3)","decl":{"start":{"line":68,"column":4},"end":{"line":68,"column":5}},"loc":{"start":{"line":68,"column":27},"end":{"line":83,"column":5}},"line":68}},"branchMap":{"0":{"loc":{"start":{"line":21,"column":12},"end":{"line":22,"column":75}},"type":"if","locations":[{"start":{"line":21,"column":12},"end":{"line":22,"column":75}},{"start":{"line":21,"column":12},"end":{"line":22,"column":75}}],"line":21},"1":{"loc":{"start":{"line":23,"column":12},"end":{"line":24,"column":77}},"type":"if","locations":[{"start":{"line":23,"column":12},"end":{"line":24,"column":77}},{"start":{"line":23,"column":12},"end":{"line":24,"column":77}}],"line":23},"2":{"loc":{"start":{"line":25,"column":12},"end":{"line":26,"column":84}},"type":"if","locations":[{"start":{"line":25,"column":12},"end":{"line":26,"column":84}},{"start":{"line":25,"column":12},"end":{"line":26,"column":84}}],"line":25},"3":{"loc":{"start":{"line":27,"column":12},"end":{"line":28,"column":77}},"type":"if","locations":[{"start":{"line":27,"column":12},"end":{"line":28,"column":77}},{"start":{"line":27,"column":12},"end":{"line":28,"column":77}}],"line":27},"4":{"loc":{"start":{"line":32,"column":12},"end":{"line":32,"column":83}},"type":"if","locations":[{"start":{"line":32,"column":12},"end":{"line":32,"column":83}},{"start":{"line":32,"column":12},"end":{"line":32,"column":83}}],"line":32},"5":{"loc":{"start":{"line":47,"column":12},"end":{"line":48,"column":77}},"type":"if","locations":[{"start":{"line":47,"column":12},"end":{"line":48,"column":77}},{"start":{"line":47,"column":12},"end":{"line":48,"column":77}}],"line":47},"6":{"loc":{"start":{"line":49,"column":12},"end":{"line":50,"column":84}},"type":"if","locations":[{"start":{"line":49,"column":12},"end":{"line":50,"column":84}},{"start":{"line":49,"column":12},"end":{"line":50,"column":84}}],"line":49},"7":{"loc":{"start":{"line":51,"column":12},"end":{"line":52,"column":77}},"type":"if","locations":[{"start":{"line":51,"column":12},"end":{"line":52,"column":77}},{"start":{"line":51,"column":12},"end":{"line":52,"column":77}}],"line":51},"8":{"loc":{"start":{"line":53,"column":12},"end":{"line":54,"column":80}},"type":"if","locations":[{"start":{"line":53,"column":12},"end":{"line":54,"column":80}},{"start":{"line":53,"column":12},"end":{"line":54,"column":80}}],"line":53},"9":{"loc":{"start":{"line":55,"column":12},"end":{"line":56,"column":84}},"type":"if","locations":[{"start":{"line":55,"column":12},"end":{"line":56,"column":84}},{"start":{"line":55,"column":12},"end":{"line":56,"column":84}}],"line":55},"10":{"loc":{"start":{"line":72,"column":12},"end":{"line":73,"column":75}},"type":"if","locations":[{"start":{"line":72,"column":12},"end":{"line":73,"column":75}},{"start":{"line":72,"column":12},"end":{"line":73,"column":75}}],"line":72}},"s":{"0":1,"1":1,"2":1,"3":1,"4":1,"5":0,"6":0,"7":0,"8":0,"9":0,"10":0,"11":0,"12":0,"13":0,"14":0,"15":0,"16":0,"17":0,"18":0,"19":0,"20":0,"21":0,"22":0,"23":0,"24":0,"25":0,"26":0,"27":0,"28":0,"29":0,"30":0,"31":0,"32":0,"33":0,"34":0,"35":0,"36":0,"37":0,"38":0,"39":0,"40":0,"41":0,"42":0,"43":0},"f":{"0":1,"1":0,"2":0,"3":0},"b":{"0":[0,0],"1":[0,0],"2":[0,0],"3":[0,0],"4":[0,0],"5":[0,0],"6":[0,0],"7":[0,0],"8":[0,0],"9":[0,0],"10":[0,0]},"_coverageSchema":"1a1c01bbd47fc00a2c39e90264f33305004495a9","hash":"eb3aa0ee7a1e9212da76c240d22bad1d507be76e"}
,"/home/caioarruda/Documents/desafios-backend/src/database/index.js": {"path":"/home/caioarruda/Documents/desafios-backend/src/database/index.js","statementMap":{"0":{"start":{"line":1,"column":18},"end":{"line":1,"column":38}},"1":{"start":{"line":2,"column":17},"end":{"line":2,"column":46}},"2":{"start":{"line":3,"column":15},"end":{"line":3,"column":42}},"3":{"start":{"line":5,"column":19},"end":{"line":5,"column":42}},"4":{"start":{"line":7,"column":0},"end":{"line":7,"column":23}},"5":{"start":{"line":9,"column":0},"end":{"line":9,"column":27}}},"fnMap":{},"branchMap":{},"s":{"0":1,"1":1,"2":1,"3":1,"4":1,"5":1},"f":{},"b":{},"_coverageSchema":"1a1c01bbd47fc00a2c39e90264f33305004495a9","hash":"1e4ca2b07014e48f4cf4f38eb951891c2d8cb853"}
,"/home/caioarruda/Documents/desafios-backend/src/models/Recipe.js": {"path":"/home/caioarruda/Documents/desafios-backend/src/models/Recipe.js","statementMap":{"0":{"start":{"line":1,"column":29},"end":{"line":1,"column":49}},"1":{"start":{"line":5,"column":4},"end":{"line":15,"column":6}},"2":{"start":{"line":19,"column":0},"end":{"line":19,"column":24}}},"fnMap":{"0":{"name":"(anonymous_0)","decl":{"start":{"line":4,"column":2},"end":{"line":4,"column":3}},"loc":{"start":{"line":4,"column":26},"end":{"line":16,"column":3}},"line":4}},"branchMap":{},"s":{"0":1,"1":1,"2":1},"f":{"0":1},"b":{},"_coverageSchema":"1a1c01bbd47fc00a2c39e90264f33305004495a9","hash":"5fa05a611c623d5380e5fea953ff722e1cdb9d73"}
,"/home/caioarruda/Documents/desafios-backend/src/services/RecipeService.js": {"path":"/home/caioarruda/Documents/desafios-backend/src/services/RecipeService.js","statementMap":{"0":{"start":{"line":1,"column":18},"end":{"line":1,"column":60}},"1":{"start":{"line":2,"column":15},"end":{"line":2,"column":42}},"2":{"start":{"line":4,"column":0},"end":{"line":37,"column":2}},"3":{"start":{"line":7,"column":24},"end":{"line":7,"column":46}},"4":{"start":{"line":9,"column":8},"end":{"line":9,"column":22}},"5":{"start":{"line":13,"column":23},"end":{"line":20,"column":10}},"6":{"start":{"line":22,"column":8},"end":{"line":22,"column":21}},"7":{"start":{"line":27,"column":30},"end":{"line":27,"column":92}},"8":{"start":{"line":29,"column":8},"end":{"line":29,"column":28}},"9":{"start":{"line":33,"column":30},"end":{"line":33,"column":68}},"10":{"start":{"line":35,"column":8},"end":{"line":35,"column":28}}},"fnMap":{"0":{"name":"(anonymous_0)","decl":{"start":{"line":6,"column":4},"end":{"line":6,"column":5}},"loc":{"start":{"line":6,"column":18},"end":{"line":10,"column":5}},"line":6},"1":{"name":"(anonymous_1)","decl":{"start":{"line":12,"column":4},"end":{"line":12,"column":5}},"loc":{"start":{"line":12,"column":70},"end":{"line":23,"column":5}},"line":12},"2":{"name":"(anonymous_2)","decl":{"start":{"line":25,"column":4},"end":{"line":25,"column":5}},"loc":{"start":{"line":25,"column":45},"end":{"line":30,"column":5}},"line":25},"3":{"name":"(anonymous_3)","decl":{"start":{"line":32,"column":4},"end":{"line":32,"column":5}},"loc":{"start":{"line":32,"column":21},"end":{"line":36,"column":5}},"line":32}},"branchMap":{},"s":{"0":1,"1":1,"2":1,"3":1,"4":1,"5":0,"6":0,"7":0,"8":0,"9":0,"10":0},"f":{"0":1,"1":0,"2":0,"3":0},"b":{},"_coverageSchema":"1a1c01bbd47fc00a2c39e90264f33305004495a9","hash":"203054c6ec83935531849b854481e2c69d9dcba0"}
}
