{"/home/caioarruda/Documents/desafios-backend/src/routes.js": {"path":"/home/caioarruda/Documents/desafios-backend/src/routes.js","statementMap":{"0":{"start":{"line":1,"column":16},"end":{"line":1,"column":34}},"1":{"start":{"line":2,"column":25},"end":{"line":2,"column":66}},"2":{"start":{"line":3,"column":15},"end":{"line":3,"column":31}},"3":{"start":{"line":5,"column":0},"end":{"line":5,"column":46}},"4":{"start":{"line":6,"column":0},"end":{"line":6,"column":52}},"5":{"start":{"line":7,"column":0},"end":{"line":7,"column":47}},"6":{"start":{"line":8,"column":0},"end":{"line":8,"column":53}},"7":{"start":{"line":9,"column":0},"end":{"line":9,"column":54}},"8":{"start":{"line":13,"column":0},"end":{"line":13,"column":23}}},"fnMap":{},"branchMap":{},"s":{"0":1,"1":1,"2":1,"3":1,"4":1,"5":1,"6":1,"7":1,"8":1},"f":{},"b":{},"_coverageSchema":"1a1c01bbd47fc00a2c39e90264f33305004495a9","hash":"ab051c048e6d0ab686cb563a27cfbb8eaed335ca"}
,"/home/caioarruda/Documents/desafios-backend/src/server.js": {"path":"/home/caioarruda/Documents/desafios-backend/src/server.js","statementMap":{"0":{"start":{"line":1,"column":16},"end":{"line":1,"column":34}},"1":{"start":{"line":2,"column":15},"end":{"line":2,"column":34}},"2":{"start":{"line":4,"column":0},"end":{"line":4,"column":21}},"3":{"start":{"line":6,"column":13},"end":{"line":6,"column":37}},"4":{"start":{"line":7,"column":12},"end":{"line":7,"column":21}},"5":{"start":{"line":11,"column":0},"end":{"line":11,"column":23}},"6":{"start":{"line":12,"column":0},"end":{"line":12,"column":15}},"7":{"start":{"line":14,"column":0},"end":{"line":14,"column":16}},"8":{"start":{"line":16,"column":0},"end":{"line":16,"column":20}}},"fnMap":{},"branchMap":{"0":{"loc":{"start":{"line":6,"column":13},"end":{"line":6,"column":37}},"type":"binary-expr","locations":[{"start":{"line":6,"column":13},"end":{"line":6,"column":29}},{"start":{"line":6,"column":33},"end":{"line":6,"column":37}}],"line":6}},"s":{"0":1,"1":1,"2":1,"3":1,"4":1,"5":1,"6":1,"7":1,"8":1},"f":{},"b":{"0":[1,1]},"_coverageSchema":"1a1c01bbd47fc00a2c39e90264f33305004495a9","hash":"3c7ea33111ca9a798ac9b75e04f4788ae47cbbda"}
,"/home/caioarruda/Documents/desafios-backend/src/config/database.js": {"path":"/home/caioarruda/Documents/desafios-backend/src/config/database.js","statementMap":{"0":{"start":{"line":2,"column":0},"end":{"line":14,"column":1}}},"fnMap":{},"branchMap":{},"s":{"0":1},"f":{},"b":{},"_coverageSchema":"1a1c01bbd47fc00a2c39e90264f33305004495a9","hash":"01a1972b7581a676a7a0972af8bd4665f344ffbb"}
,"/home/caioarruda/Documents/desafios-backend/src/controllers/RecipeController.js": {"path":"/home/caioarruda/Documents/desafios-backend/src/controllers/RecipeController.js","statementMap":{"0":{"start":{"line":1,"column":22},"end":{"line":1,"column":58}},"1":{"start":{"line":4,"column":0},"end":{"line":103,"column":2}},"2":{"start":{"line":6,"column":8},"end":{"line":13,"column":9}},"3":{"start":{"line":7,"column":28},"end":{"line":7,"column":55}},"4":{"start":{"line":9,"column":12},"end":{"line":9,"column":48}},"5":{"start":{"line":11,"column":12},"end":{"line":11,"column":73}},"6":{"start":{"line":17,"column":8},"end":{"line":30,"column":9}},"7":{"start":{"line":18,"column":27},"end":{"line":18,"column":37}},"8":{"start":{"line":20,"column":12},"end":{"line":21,"column":75}},"9":{"start":{"line":21,"column":16},"end":{"line":21,"column":75}},"10":{"start":{"line":23,"column":28},"end":{"line":23,"column":59}},"11":{"start":{"line":25,"column":12},"end":{"line":25,"column":47}},"12":{"start":{"line":28,"column":12},"end":{"line":28,"column":73}},"13":{"start":{"line":34,"column":8},"end":{"line":55,"column":9}},"14":{"start":{"line":35,"column":27},"end":{"line":35,"column":37}},"15":{"start":{"line":36,"column":47},"end":{"line":36,"column":55}},"16":{"start":{"line":38,"column":12},"end":{"line":39,"column":75}},"17":{"start":{"line":39,"column":16},"end":{"line":39,"column":75}},"18":{"start":{"line":40,"column":12},"end":{"line":41,"column":77}},"19":{"start":{"line":41,"column":16},"end":{"line":41,"column":77}},"20":{"start":{"line":42,"column":12},"end":{"line":43,"column":84}},"21":{"start":{"line":43,"column":16},"end":{"line":43,"column":84}},"22":{"start":{"line":44,"column":12},"end":{"line":45,"column":77}},"23":{"start":{"line":45,"column":16},"end":{"line":45,"column":77}},"24":{"start":{"line":47,"column":34},"end":{"line":47,"column":89}},"25":{"start":{"line":49,"column":12},"end":{"line":49,"column":83}},"26":{"start":{"line":49,"column":31},"end":{"line":49,"column":83}},"27":{"start":{"line":51,"column":12},"end":{"line":51,"column":71}},"28":{"start":{"line":53,"column":12},"end":{"line":53,"column":73}},"29":{"start":{"line":60,"column":8},"end":{"line":82,"column":9}},"30":{"start":{"line":61,"column":77},"end":{"line":61,"column":85}},"31":{"start":{"line":64,"column":12},"end":{"line":65,"column":77}},"32":{"start":{"line":65,"column":16},"end":{"line":65,"column":77}},"33":{"start":{"line":66,"column":12},"end":{"line":67,"column":84}},"34":{"start":{"line":67,"column":16},"end":{"line":67,"column":84}},"35":{"start":{"line":68,"column":12},"end":{"line":69,"column":77}},"36":{"start":{"line":69,"column":16},"end":{"line":69,"column":77}},"37":{"start":{"line":70,"column":12},"end":{"line":71,"column":80}},"38":{"start":{"line":71,"column":16},"end":{"line":71,"column":80}},"39":{"start":{"line":72,"column":12},"end":{"line":73,"column":84}},"40":{"start":{"line":73,"column":16},"end":{"line":73,"column":84}},"41":{"start":{"line":76,"column":27},"end":{"line":76,"column":106}},"42":{"start":{"line":79,"column":12},"end":{"line":79,"column":47}},"43":{"start":{"line":81,"column":12},"end":{"line":81,"column":73}},"44":{"start":{"line":86,"column":8},"end":{"line":98,"column":9}},"45":{"start":{"line":87,"column":27},"end":{"line":87,"column":37}},"46":{"start":{"line":89,"column":12},"end":{"line":90,"column":75}},"47":{"start":{"line":90,"column":16},"end":{"line":90,"column":75}},"48":{"start":{"line":92,"column":12},"end":{"line":92,"column":42}},"49":{"start":{"line":94,"column":12},"end":{"line":94,"column":61}},"50":{"start":{"line":97,"column":12},"end":{"line":97,"column":73}}},"fnMap":{"0":{"name":"(anonymous_0)","decl":{"start":{"line":5,"column":4},"end":{"line":5,"column":5}},"loc":{"start":{"line":5,"column":24},"end":{"line":14,"column":5}},"line":5},"1":{"name":"(anonymous_1)","decl":{"start":{"line":16,"column":4},"end":{"line":16,"column":5}},"loc":{"start":{"line":16,"column":29},"end":{"line":31,"column":5}},"line":16},"2":{"name":"(anonymous_2)","decl":{"start":{"line":33,"column":4},"end":{"line":33,"column":5}},"loc":{"start":{"line":33,"column":27},"end":{"line":57,"column":5}},"line":33},"3":{"name":"(anonymous_3)","decl":{"start":{"line":59,"column":4},"end":{"line":59,"column":5}},"loc":{"start":{"line":59,"column":26},"end":{"line":83,"column":5}},"line":59},"4":{"name":"(anonymous_4)","decl":{"start":{"line":85,"column":4},"end":{"line":85,"column":5}},"loc":{"start":{"line":85,"column":27},"end":{"line":100,"column":5}},"line":85}},"branchMap":{"0":{"loc":{"start":{"line":20,"column":12},"end":{"line":21,"column":75}},"type":"if","locations":[{"start":{"line":20,"column":12},"end":{"line":21,"column":75}},{"start":{"line":20,"column":12},"end":{"line":21,"column":75}}],"line":20},"1":{"loc":{"start":{"line":38,"column":12},"end":{"line":39,"column":75}},"type":"if","locations":[{"start":{"line":38,"column":12},"end":{"line":39,"column":75}},{"start":{"line":38,"column":12},"end":{"line":39,"column":75}}],"line":38},"2":{"loc":{"start":{"line":40,"column":12},"end":{"line":41,"column":77}},"type":"if","locations":[{"start":{"line":40,"column":12},"end":{"line":41,"column":77}},{"start":{"line":40,"column":12},"end":{"line":41,"column":77}}],"line":40},"3":{"loc":{"start":{"line":42,"column":12},"end":{"line":43,"column":84}},"type":"if","locations":[{"start":{"line":42,"column":12},"end":{"line":43,"column":84}},{"start":{"line":42,"column":12},"end":{"line":43,"column":84}}],"line":42},"4":{"loc":{"start":{"line":44,"column":12},"end":{"line":45,"column":77}},"type":"if","locations":[{"start":{"line":44,"column":12},"end":{"line":45,"column":77}},{"start":{"line":44,"column":12},"end":{"line":45,"column":77}}],"line":44},"5":{"loc":{"start":{"line":49,"column":12},"end":{"line":49,"column":83}},"type":"if","locations":[{"start":{"line":49,"column":12},"end":{"line":49,"column":83}},{"start":{"line":49,"column":12},"end":{"line":49,"column":83}}],"line":49},"6":{"loc":{"start":{"line":64,"column":12},"end":{"line":65,"column":77}},"type":"if","locations":[{"start":{"line":64,"column":12},"end":{"line":65,"column":77}},{"start":{"line":64,"column":12},"end":{"line":65,"column":77}}],"line":64},"7":{"loc":{"start":{"line":66,"column":12},"end":{"line":67,"column":84}},"type":"if","locations":[{"start":{"line":66,"column":12},"end":{"line":67,"column":84}},{"start":{"line":66,"column":12},"end":{"line":67,"column":84}}],"line":66},"8":{"loc":{"start":{"line":68,"column":12},"end":{"line":69,"column":77}},"type":"if","locations":[{"start":{"line":68,"column":12},"end":{"line":69,"column":77}},{"start":{"line":68,"column":12},"end":{"line":69,"column":77}}],"line":68},"9":{"loc":{"start":{"line":70,"column":12},"end":{"line":71,"column":80}},"type":"if","locations":[{"start":{"line":70,"column":12},"end":{"line":71,"column":80}},{"start":{"line":70,"column":12},"end":{"line":71,"column":80}}],"line":70},"10":{"loc":{"start":{"line":72,"column":12},"end":{"line":73,"column":84}},"type":"if","locations":[{"start":{"line":72,"column":12},"end":{"line":73,"column":84}},{"start":{"line":72,"column":12},"end":{"line":73,"column":84}}],"line":72},"11":{"loc":{"start":{"line":89,"column":12},"end":{"line":90,"column":75}},"type":"if","locations":[{"start":{"line":89,"column":12},"end":{"line":90,"column":75}},{"start":{"line":89,"column":12},"end":{"line":90,"column":75}}],"line":89}},"s":{"0":1,"1":1,"2":0,"3":0,"4":0,"5":0,"6":0,"7":0,"8":0,"9":0,"10":0,"11":0,"12":0,"13":1,"14":1,"15":1,"16":1,"17":0,"18":1,"19":0,"20":1,"21":0,"22":1,"23":0,"24":1,"25":1,"26":0,"27":1,"28":0,"29":5,"30":5,"31":5,"32":0,"33":5,"34":0,"35":5,"36":0,"37":5,"38":0,"39":5,"40":0,"41":5,"42":5,"43":0,"44":1,"45":1,"46":1,"47":0,"48":1,"49":1,"50":0},"f":{"0":0,"1":0,"2":1,"3":5,"4":1},"b":{"0":[0,0],"1":[0,1],"2":[0,1],"3":[0,1],"4":[0,1],"5":[0,1],"6":[0,5],"7":[0,5],"8":[0,5],"9":[0,5],"10":[0,5],"11":[0,1]},"_coverageSchema":"1a1c01bbd47fc00a2c39e90264f33305004495a9","hash":"5f5b4abdae03912e5e1a2173063b5acf6e073366"}
,"/home/caioarruda/Documents/desafios-backend/src/database/index.js": {"path":"/home/caioarruda/Documents/desafios-backend/src/database/index.js","statementMap":{"0":{"start":{"line":1,"column":18},"end":{"line":1,"column":38}},"1":{"start":{"line":2,"column":17},"end":{"line":2,"column":46}},"2":{"start":{"line":3,"column":15},"end":{"line":3,"column":42}},"3":{"start":{"line":5,"column":19},"end":{"line":5,"column":42}},"4":{"start":{"line":7,"column":0},"end":{"line":7,"column":23}},"5":{"start":{"line":9,"column":0},"end":{"line":9,"column":27}}},"fnMap":{},"branchMap":{},"s":{"0":1,"1":1,"2":1,"3":1,"4":1,"5":1},"f":{},"b":{},"_coverageSchema":"1a1c01bbd47fc00a2c39e90264f33305004495a9","hash":"1e4ca2b07014e48f4cf4f38eb951891c2d8cb853"}
,"/home/caioarruda/Documents/desafios-backend/src/models/Recipe.js": {"path":"/home/caioarruda/Documents/desafios-backend/src/models/Recipe.js","statementMap":{"0":{"start":{"line":1,"column":29},"end":{"line":1,"column":49}},"1":{"start":{"line":5,"column":4},"end":{"line":15,"column":6}},"2":{"start":{"line":19,"column":0},"end":{"line":19,"column":24}}},"fnMap":{"0":{"name":"(anonymous_0)","decl":{"start":{"line":4,"column":2},"end":{"line":4,"column":3}},"loc":{"start":{"line":4,"column":26},"end":{"line":16,"column":3}},"line":4}},"branchMap":{},"s":{"0":1,"1":1,"2":1},"f":{"0":1},"b":{},"_coverageSchema":"1a1c01bbd47fc00a2c39e90264f33305004495a9","hash":"5fa05a611c623d5380e5fea953ff722e1cdb9d73"}
,"/home/caioarruda/Documents/desafios-backend/src/services/RecipeService.js": {"path":"/home/caioarruda/Documents/desafios-backend/src/services/RecipeService.js","statementMap":{"0":{"start":{"line":1,"column":27},"end":{"line":1,"column":69}},"1":{"start":{"line":2,"column":15},"end":{"line":2,"column":42}},"2":{"start":{"line":4,"column":0},"end":{"line":43,"column":2}},"3":{"start":{"line":7,"column":24},"end":{"line":7,"column":46}},"4":{"start":{"line":9,"column":8},"end":{"line":9,"column":22}},"5":{"start":{"line":13,"column":23},"end":{"line":13,"column":48}},"6":{"start":{"line":15,"column":8},"end":{"line":15,"column":21}},"7":{"start":{"line":19,"column":23},"end":{"line":26,"column":10}},"8":{"start":{"line":28,"column":8},"end":{"line":28,"column":21}},"9":{"start":{"line":33,"column":30},"end":{"line":33,"column":92}},"10":{"start":{"line":35,"column":8},"end":{"line":35,"column":28}},"11":{"start":{"line":39,"column":30},"end":{"line":39,"column":68}},"12":{"start":{"line":41,"column":8},"end":{"line":41,"column":28}}},"fnMap":{"0":{"name":"(anonymous_0)","decl":{"start":{"line":6,"column":4},"end":{"line":6,"column":5}},"loc":{"start":{"line":6,"column":18},"end":{"line":10,"column":5}},"line":6},"1":{"name":"(anonymous_1)","decl":{"start":{"line":12,"column":4},"end":{"line":12,"column":5}},"loc":{"start":{"line":12,"column":22},"end":{"line":16,"column":5}},"line":12},"2":{"name":"(anonymous_2)","decl":{"start":{"line":18,"column":4},"end":{"line":18,"column":5}},"loc":{"start":{"line":18,"column":70},"end":{"line":29,"column":5}},"line":18},"3":{"name":"(anonymous_3)","decl":{"start":{"line":31,"column":4},"end":{"line":31,"column":5}},"loc":{"start":{"line":31,"column":45},"end":{"line":36,"column":5}},"line":31},"4":{"name":"(anonymous_4)","decl":{"start":{"line":38,"column":4},"end":{"line":38,"column":5}},"loc":{"start":{"line":38,"column":21},"end":{"line":42,"column":5}},"line":38}},"branchMap":{},"s":{"0":1,"1":1,"2":1,"3":0,"4":0,"5":0,"6":0,"7":5,"8":5,"9":1,"10":1,"11":1,"12":1},"f":{"0":0,"1":0,"2":5,"3":1,"4":1},"b":{},"_coverageSchema":"1a1c01bbd47fc00a2c39e90264f33305004495a9","hash":"a854bdd1b1dce0289f012e1282e420574c548639"}
}
