TN:
SF:src/routes.js
FNF:0
FNH:0
DA:1,1
DA:2,1
DA:3,1
DA:5,1
DA:6,1
DA:7,1
DA:8,1
DA:9,1
DA:13,1
LF:9
LH:9
BRF:0
BRH:0
end_of_record
TN:
SF:src/server.js
FNF:0
FNH:0
DA:1,1
DA:2,1
DA:4,1
DA:6,1
DA:7,1
DA:11,1
DA:12,1
DA:14,1
DA:16,1
LF:9
LH:9
BRDA:6,0,0,1
BRDA:6,0,1,1
BRF:2
BRH:2
end_of_record
TN:
SF:src/config/database.js
FNF:0
FNH:0
DA:2,1
LF:1
LH:1
BRF:0
BRH:0
end_of_record
TN:
SF:src/controllers/RecipeController.js
FN:5,(anonymous_0)
FN:16,(anonymous_1)
FN:33,(anonymous_2)
FN:59,(anonymous_3)
FN:85,(anonymous_4)
FNF:5
FNH:3
FNDA:0,(anonymous_0)
FNDA:0,(anonymous_1)
FNDA:1,(anonymous_2)
FNDA:5,(anonymous_3)
FNDA:1,(anonymous_4)
DA:1,1
DA:4,1
DA:6,0
DA:7,0
DA:9,0
DA:11,0
DA:17,0
DA:18,0
DA:20,0
DA:21,0
DA:23,0
DA:25,0
DA:28,0
DA:34,1
DA:35,1
DA:36,1
DA:38,1
DA:39,0
DA:40,1
DA:41,0
DA:42,1
DA:43,0
DA:44,1
DA:45,0
DA:47,1
DA:49,1
DA:51,1
DA:53,0
DA:60,5
DA:61,5
DA:64,5
DA:65,0
DA:66,5
DA:67,0
DA:68,5
DA:69,0
DA:70,5
DA:71,0
DA:72,5
DA:73,0
DA:76,5
DA:79,5
DA:81,0
DA:86,1
DA:87,1
DA:89,1
DA:90,0
DA:92,1
DA:94,1
DA:97,0
LF:50
LH:26
BRDA:20,0,0,0
BRDA:20,0,1,0
BRDA:38,1,0,0
BRDA:38,1,1,1
BRDA:40,2,0,0
BRDA:40,2,1,1
BRDA:42,3,0,0
BRDA:42,3,1,1
BRDA:44,4,0,0
BRDA:44,4,1,1
BRDA:49,5,0,0
BRDA:49,5,1,1
BRDA:64,6,0,0
BRDA:64,6,1,5
BRDA:66,7,0,0
BRDA:66,7,1,5
BRDA:68,8,0,0
BRDA:68,8,1,5
BRDA:70,9,0,0
BRDA:70,9,1,5
BRDA:72,10,0,0
BRDA:72,10,1,5
BRDA:89,11,0,0
BRDA:89,11,1,1
BRF:24
BRH:11
end_of_record
TN:
SF:src/database/index.js
FNF:0
FNH:0
DA:1,1
DA:2,1
DA:3,1
DA:5,1
DA:7,1
DA:9,1
LF:6
LH:6
BRF:0
BRH:0
end_of_record
TN:
SF:src/models/Recipe.js
FN:4,(anonymous_0)
FNF:1
FNH:1
FNDA:1,(anonymous_0)
DA:1,1
DA:5,1
DA:19,1
LF:3
LH:3
BRF:0
BRH:0
end_of_record
TN:
SF:src/services/RecipeService.js
FN:6,(anonymous_0)
FN:12,(anonymous_1)
FN:18,(anonymous_2)
FN:31,(anonymous_3)
FN:38,(anonymous_4)
FNF:5
FNH:3
FNDA:0,(anonymous_0)
FNDA:0,(anonymous_1)
FNDA:5,(anonymous_2)
FNDA:1,(anonymous_3)
FNDA:1,(anonymous_4)
DA:1,1
DA:2,1
DA:4,1
DA:7,0
DA:9,0
DA:13,0
DA:15,0
DA:19,5
DA:28,5
DA:33,1
DA:35,1
DA:39,1
DA:41,1
LF:13
LH:9
BRF:0
BRH:0
end_of_record
